Traceback (most recent call last):
  File "/home/niya/anaconda3/lib/python3.5/site-packages/spyderlib/spyder.py", line 2331, in main
    mainwindow = run_spyder(app, options, args)
  File "/home/niya/anaconda3/lib/python3.5/site-packages/spyderlib/spyder.py", line 2215, in run_spyder
    main.setup()
  File "/home/niya/anaconda3/lib/python3.5/site-packages/spyderlib/spyder.py", line 752, in setup
    from spyderlib.plugins.inspector import ObjectInspector
  File "/home/niya/anaconda3/lib/python3.5/site-packages/spyderlib/plugins/inspector.py", line 47, in <module>
    from spyderlib.utils.inspector.sphinxify import (CSS_PATH, sphinxify,
  File "/home/niya/anaconda3/lib/python3.5/site-packages/spyderlib/utils/inspector/sphinxify.py", line 31, in <module>
    from sphinx.application import Sphinx
  File "/home/niya/anaconda3/lib/python3.5/site-packages/Sphinx-1.3.1-py3.5.egg/sphinx/application.py", line 37, in <module>
    from sphinx.builders import BUILTIN_BUILDERS
  File "/home/niya/anaconda3/lib/python3.5/site-packages/Sphinx-1.3.1-py3.5.egg/sphinx/builders/__init__.py", line 23, in <module>
    from sphinx.util import i18n, path_stabilize
  File "/home/niya/anaconda3/lib/python3.5/site-packages/Sphinx-1.3.1-py3.5.egg/sphinx/util/i18n.py", line 15, in <module>
    from babel.messages.pofile import read_po
  File "/home/niya/anaconda3/lib/python3.5/site-packages/babel/messages/__init__.py", line 12, in <module>
    from babel.messages.catalog import *
  File "/home/niya/anaconda3/lib/python3.5/site-packages/babel/messages/catalog.py", line 23, in <module>
    from babel.dates import format_datetime
  File "/home/niya/anaconda3/lib/python3.5/site-packages/babel/dates.py", line 28, in <module>
    from babel.util import UTC, LOCALTZ
  File "/home/niya/anaconda3/lib/python3.5/site-packages/babel/util.py", line 278, in <module>
    from babel import localtime
  File "/home/niya/anaconda3/lib/python3.5/site-packages/babel/localtime/__init__.py", line 74, in <module>
    LOCALTZ = get_localzone()
  File "/home/niya/anaconda3/lib/python3.5/site-packages/babel/localtime/__init__.py", line 70, in get_localzone
    return _get_localzone()
  File "/home/niya/anaconda3/lib/python3.5/site-packages/babel/localtime/_unix.py", line 85, in _get_localzone
    data = tzfile.read()
KeyboardInterrupt
